build/app/intermediates/manifest_merge_blame_file/release/manifest-merger-blame-release-report.txt
1<?xml version="1.0" encoding="utf-8"?>
2<manifest xmlns:android="http://schemas.android.com/apk/res/android"
3    package="com.example.guailet"
4    android:versionCode="1"
5    android:versionName="1.0.0" >
6
7    <uses-sdk
8        android:minSdkVersion="21"
8-->src\main\AndroidManifest.xml
9        android:targetSdkVersion="33" />
9-->src\main\AndroidManifest.xml
10
11    <uses-permission android:name="android.permission.CAMERA" />
11-->[:flutter_barcode_scanner] AndroidManifest.xml:9:5-65
11-->[:flutter_barcode_scanner] AndroidManifest.xml:9:22-62
12
13    <uses-feature android:name="android.hardware.camera" />
13-->[:flutter_barcode_scanner] AndroidManifest.xml:11:5-60
13-->[:flutter_barcode_scanner] AndroidManifest.xml:11:19-57
14
15    <uses-permission android:name="android.permission.FLASHLIGHT" />
15-->[:flutter_barcode_scanner] AndroidManifest.xml:13:5-69
15-->[:flutter_barcode_scanner] AndroidManifest.xml:13:22-66
16    <uses-permission android:name="android.permission.INTERNET" />
16-->[com.google.firebase:firebase-auth:21.1.0] AndroidManifest.xml:23:5-67
16-->[com.google.firebase:firebase-auth:21.1.0] AndroidManifest.xml:23:22-64
17    <uses-permission android:name="android.permission.ACCESS_NETWORK_STATE" />
17-->[com.google.firebase:firebase-auth:21.1.0] AndroidManifest.xml:24:5-79
17-->[com.google.firebase:firebase-auth:21.1.0] AndroidManifest.xml:24:22-76
18
19    <application
20        android:name="android.app.Application"
20-->src\main\AndroidManifest.xml:5:9-42
21        android:appComponentFactory="androidx.core.app.CoreComponentFactory"
21-->[androidx.core:core:1.6.0] AndroidManifest.xml:24:18-86
22        android:icon="@mipmap/ic_launcher"
22-->src\main\AndroidManifest.xml:6:9-43
23        android:label="Educare"
23-->src\main\AndroidManifest.xml:4:9-32
24        android:largeHeap="true"
24-->[:flutter_barcode_scanner] AndroidManifest.xml:16:9-33
25        android:theme="@style/Theme.AppCompat.NoActionBar" >
25-->[:flutter_barcode_scanner] AndroidManifest.xml:17:9-59
26        <activity
26-->src\main\AndroidManifest.xml:7:9-27:20
27            android:name="com.example.guailet.MainActivity"
27-->src\main\AndroidManifest.xml:8:13-41
28            android:configChanges="orientation|keyboardHidden|keyboard|screenSize|smallestScreenSize|locale|layoutDirection|fontScale|screenLayout|density|uiMode"
28-->src\main\AndroidManifest.xml:12:13-163
29            android:exported="true"
29-->src\main\AndroidManifest.xml:9:13-36
30            android:hardwareAccelerated="true"
30-->src\main\AndroidManifest.xml:13:13-47
31            android:launchMode="singleTop"
31-->src\main\AndroidManifest.xml:10:13-43
32            android:theme="@style/LaunchTheme"
32-->src\main\AndroidManifest.xml:11:13-47
33            android:windowSoftInputMode="adjustResize" >
33-->src\main\AndroidManifest.xml:14:13-55
34
35            <!--
36                 Specifies an Android theme to apply to this Activity as soon as
37                 the Android process has started. This theme is visible to the user
38                 while the Flutter UI initializes. After that, this theme continues
39                 to determine the Window background behind the Flutter UI.
40            -->
41            <meta-data
41-->src\main\AndroidManifest.xml:19:13-22:17
42                android:name="io.flutter.embedding.android.NormalTheme"
42-->src\main\AndroidManifest.xml:20:15-70
43                android:resource="@style/NormalTheme" />
43-->src\main\AndroidManifest.xml:21:15-52
44
45            <intent-filter>
45-->src\main\AndroidManifest.xml:23:13-26:29
46                <action android:name="android.intent.action.MAIN" />
46-->src\main\AndroidManifest.xml:24:17-68
46-->src\main\AndroidManifest.xml:24:25-66
47
48                <category android:name="android.intent.category.LAUNCHER" />
48-->src\main\AndroidManifest.xml:25:17-76
48-->src\main\AndroidManifest.xml:25:27-74
49            </intent-filter>
50        </activity>
51        <!--
52             Don't delete the meta-data below.
53             This is used by the Flutter tool to generate GeneratedPluginRegistrant.java
54        -->
55        <meta-data
55-->src\main\AndroidManifest.xml:30:9-32:33
56            android:name="flutterEmbedding"
56-->src\main\AndroidManifest.xml:31:13-44
57            android:value="2" />
57-->src\main\AndroidManifest.xml:32:13-30
58
59        <service
59-->[:firebase_auth] AndroidManifest.xml:10:9-14:19
60            android:name="com.google.firebase.components.ComponentDiscoveryService"
60-->[:firebase_auth] AndroidManifest.xml:10:18-89
61            android:directBootAware="true"
61-->[com.google.firebase:firebase-common:20.2.0] AndroidManifest.xml:34:13-43
62            android:exported="false" >
62-->[com.google.firebase:firebase-auth:21.1.0] AndroidManifest.xml:66:13-37
63            <meta-data
63-->[:firebase_auth] AndroidManifest.xml:11:13-13:85
64                android:name="com.google.firebase.components:io.flutter.plugins.firebase.auth.FlutterFirebaseAuthRegistrar"
64-->[:firebase_auth] AndroidManifest.xml:12:17-124
65                android:value="com.google.firebase.components.ComponentRegistrar" />
65-->[:firebase_auth] AndroidManifest.xml:13:17-82
66            <meta-data
66-->[:firebase_storage] AndroidManifest.xml:11:13-13:85
67                android:name="com.google.firebase.components:io.flutter.plugins.firebase.storage.FlutterFirebaseAppRegistrar"
67-->[:firebase_storage] AndroidManifest.xml:12:17-126
68                android:value="com.google.firebase.components.ComponentRegistrar" />
68-->[:firebase_storage] AndroidManifest.xml:13:17-82
69            <meta-data
69-->[:cloud_firestore] AndroidManifest.xml:11:13-13:85
70                android:name="com.google.firebase.components:io.flutter.plugins.firebase.firestore.FlutterFirebaseFirestoreRegistrar"
70-->[:cloud_firestore] AndroidManifest.xml:12:17-134
71                android:value="com.google.firebase.components.ComponentRegistrar" />
71-->[:cloud_firestore] AndroidManifest.xml:13:17-82
72            <meta-data
72-->[:firebase_core] AndroidManifest.xml:11:13-13:85
73                android:name="com.google.firebase.components:io.flutter.plugins.firebase.core.FlutterFirebaseCoreRegistrar"
73-->[:firebase_core] AndroidManifest.xml:12:17-124
74                android:value="com.google.firebase.components.ComponentRegistrar" />
74-->[:firebase_core] AndroidManifest.xml:13:17-82
75            <meta-data
75-->[com.google.firebase:firebase-auth:21.1.0] AndroidManifest.xml:67:13-69:85
76                android:name="com.google.firebase.components:com.google.firebase.auth.FirebaseAuthRegistrar"
76-->[com.google.firebase:firebase-auth:21.1.0] AndroidManifest.xml:68:17-109
77                android:value="com.google.firebase.components.ComponentRegistrar" />
77-->[com.google.firebase:firebase-auth:21.1.0] AndroidManifest.xml:69:17-82
78            <meta-data
78-->[com.google.firebase:firebase-firestore:24.4.0] AndroidManifest.xml:19:13-21:85
79                android:name="com.google.firebase.components:com.google.firebase.firestore.FirestoreRegistrar"
79-->[com.google.firebase:firebase-firestore:24.4.0] AndroidManifest.xml:20:17-111
80                android:value="com.google.firebase.components.ComponentRegistrar" />
80-->[com.google.firebase:firebase-firestore:24.4.0] AndroidManifest.xml:21:17-82
81            <meta-data
81-->[com.google.firebase:firebase-storage:20.1.0] AndroidManifest.xml:32:13-34:85
82                android:name="com.google.firebase.components:com.google.firebase.storage.StorageRegistrar"
82-->[com.google.firebase:firebase-storage:20.1.0] AndroidManifest.xml:33:17-107
83                android:value="com.google.firebase.components.ComponentRegistrar" />
83-->[com.google.firebase:firebase-storage:20.1.0] AndroidManifest.xml:34:17-82
84        </service>
85
86        <activity android:name="com.amolg.flutterbarcodescanner.BarcodeCaptureActivity" />
86-->[:flutter_barcode_scanner] AndroidManifest.xml:18:9-91
86-->[:flutter_barcode_scanner] AndroidManifest.xml:18:19-88
87
88        <uses-library
88-->[androidx.window:window:1.0.0-beta04] AndroidManifest.xml:25:9-27:40
89            android:name="androidx.window.extensions"
89-->[androidx.window:window:1.0.0-beta04] AndroidManifest.xml:26:13-54
90            android:required="false" />
90-->[androidx.window:window:1.0.0-beta04] AndroidManifest.xml:27:13-37
91        <uses-library
91-->[androidx.window:window:1.0.0-beta04] AndroidManifest.xml:28:9-30:40
92            android:name="androidx.window.sidecar"
92-->[androidx.window:window:1.0.0-beta04] AndroidManifest.xml:29:13-51
93            android:required="false" />
93-->[androidx.window:window:1.0.0-beta04] AndroidManifest.xml:30:13-37
94
95        <activity
95-->[com.google.firebase:firebase-auth:21.1.0] AndroidManifest.xml:27:9-44:20
96            android:name="com.google.firebase.auth.internal.GenericIdpActivity"
96-->[com.google.firebase:firebase-auth:21.1.0] AndroidManifest.xml:28:13-80
97            android:excludeFromRecents="true"
97-->[com.google.firebase:firebase-auth:21.1.0] AndroidManifest.xml:29:13-46
98            android:exported="true"
98-->[com.google.firebase:firebase-auth:21.1.0] AndroidManifest.xml:30:13-36
99            android:launchMode="singleTask"
99-->[com.google.firebase:firebase-auth:21.1.0] AndroidManifest.xml:31:13-44
100            android:theme="@android:style/Theme.Translucent.NoTitleBar" >
100-->[com.google.firebase:firebase-auth:21.1.0] AndroidManifest.xml:32:13-72
101            <intent-filter>
101-->[com.google.firebase:firebase-auth:21.1.0] AndroidManifest.xml:33:13-43:29
102                <action android:name="android.intent.action.VIEW" />
102-->[com.google.firebase:firebase-auth:21.1.0] AndroidManifest.xml:34:17-69
102-->[com.google.firebase:firebase-auth:21.1.0] AndroidManifest.xml:34:25-66
103
104                <category android:name="android.intent.category.DEFAULT" />
104-->[com.google.firebase:firebase-auth:21.1.0] AndroidManifest.xml:36:17-76
104-->[com.google.firebase:firebase-auth:21.1.0] AndroidManifest.xml:36:27-73
105                <category android:name="android.intent.category.BROWSABLE" />
105-->[com.google.firebase:firebase-auth:21.1.0] AndroidManifest.xml:37:17-78
105-->[com.google.firebase:firebase-auth:21.1.0] AndroidManifest.xml:37:27-75
106
107                <data
107-->[com.google.firebase:firebase-auth:21.1.0] AndroidManifest.xml:39:17-42:51
108                    android:host="firebase.auth"
108-->[com.google.firebase:firebase-auth:21.1.0] AndroidManifest.xml:40:21-49
109                    android:path="/"
109-->[com.google.firebase:firebase-auth:21.1.0] AndroidManifest.xml:41:21-37
110                    android:scheme="genericidp" />
110-->[com.google.firebase:firebase-auth:21.1.0] AndroidManifest.xml:42:21-48
111            </intent-filter>
112        </activity>
113        <activity
113-->[com.google.firebase:firebase-auth:21.1.0] AndroidManifest.xml:45:9-62:20
114            android:name="com.google.firebase.auth.internal.RecaptchaActivity"
114-->[com.google.firebase:firebase-auth:21.1.0] AndroidManifest.xml:46:13-79
115            android:excludeFromRecents="true"
115-->[com.google.firebase:firebase-auth:21.1.0] AndroidManifest.xml:47:13-46
116            android:exported="true"
116-->[com.google.firebase:firebase-auth:21.1.0] AndroidManifest.xml:48:13-36
117            android:launchMode="singleTask"
117-->[com.google.firebase:firebase-auth:21.1.0] AndroidManifest.xml:49:13-44
118            android:theme="@android:style/Theme.Translucent.NoTitleBar" >
118-->[com.google.firebase:firebase-auth:21.1.0] AndroidManifest.xml:50:13-72
119            <intent-filter>
119-->[com.google.firebase:firebase-auth:21.1.0] AndroidManifest.xml:51:13-61:29
120                <action android:name="android.intent.action.VIEW" />
120-->[com.google.firebase:firebase-auth:21.1.0] AndroidManifest.xml:34:17-69
120-->[com.google.firebase:firebase-auth:21.1.0] AndroidManifest.xml:34:25-66
121
122                <category android:name="android.intent.category.DEFAULT" />
122-->[com.google.firebase:firebase-auth:21.1.0] AndroidManifest.xml:36:17-76
122-->[com.google.firebase:firebase-auth:21.1.0] AndroidManifest.xml:36:27-73
123                <category android:name="android.intent.category.BROWSABLE" />
123-->[com.google.firebase:firebase-auth:21.1.0] AndroidManifest.xml:37:17-78
123-->[com.google.firebase:firebase-auth:21.1.0] AndroidManifest.xml:37:27-75
124
125                <data
125-->[com.google.firebase:firebase-auth:21.1.0] AndroidManifest.xml:39:17-42:51
126                    android:host="firebase.auth"
126-->[com.google.firebase:firebase-auth:21.1.0] AndroidManifest.xml:40:21-49
127                    android:path="/"
127-->[com.google.firebase:firebase-auth:21.1.0] AndroidManifest.xml:41:21-37
128                    android:scheme="recaptcha" />
128-->[com.google.firebase:firebase-auth:21.1.0] AndroidManifest.xml:42:21-48
129            </intent-filter>
130        </activity>
131
132        <provider
132-->[com.google.firebase:firebase-common:20.2.0] AndroidManifest.xml:25:9-30:39
133            android:name="com.google.firebase.provider.FirebaseInitProvider"
133-->[com.google.firebase:firebase-common:20.2.0] AndroidManifest.xml:26:13-77
134            android:authorities="com.example.guailet.firebaseinitprovider"
134-->[com.google.firebase:firebase-common:20.2.0] AndroidManifest.xml:27:13-72
135            android:directBootAware="true"
135-->[com.google.firebase:firebase-common:20.2.0] AndroidManifest.xml:28:13-43
136            android:exported="false"
136-->[com.google.firebase:firebase-common:20.2.0] AndroidManifest.xml:29:13-37
137            android:initOrder="100" />
137-->[com.google.firebase:firebase-common:20.2.0] AndroidManifest.xml:30:13-36
138
139        <activity
139-->[com.google.android.gms:play-services-auth:20.1.0] AndroidManifest.xml:23:9-27:75
140            android:name="com.google.android.gms.auth.api.signin.internal.SignInHubActivity"
140-->[com.google.android.gms:play-services-auth:20.1.0] AndroidManifest.xml:24:13-93
141            android:excludeFromRecents="true"
141-->[com.google.android.gms:play-services-auth:20.1.0] AndroidManifest.xml:25:13-46
142            android:exported="false"
142-->[com.google.android.gms:play-services-auth:20.1.0] AndroidManifest.xml:26:13-37
143            android:theme="@android:style/Theme.Translucent.NoTitleBar" />
143-->[com.google.android.gms:play-services-auth:20.1.0] AndroidManifest.xml:27:13-72
144        <!--
145            Service handling Google Sign-In user revocation. For apps that do not integrate with
146            Google Sign-In, this service will never be started.
147        -->
148        <service
148-->[com.google.android.gms:play-services-auth:20.1.0] AndroidManifest.xml:33:9-37:51
149            android:name="com.google.android.gms.auth.api.signin.RevocationBoundService"
149-->[com.google.android.gms:play-services-auth:20.1.0] AndroidManifest.xml:34:13-89
150            android:exported="true"
150-->[com.google.android.gms:play-services-auth:20.1.0] AndroidManifest.xml:35:13-36
151            android:permission="com.google.android.gms.auth.api.signin.permission.REVOCATION_NOTIFICATION"
151-->[com.google.android.gms:play-services-auth:20.1.0] AndroidManifest.xml:36:13-107
152            android:visibleToInstantApps="true" />
152-->[com.google.android.gms:play-services-auth:20.1.0] AndroidManifest.xml:37:13-48
153
154        <activity
154-->[com.google.android.gms:play-services-base:18.0.1] AndroidManifest.xml:20:9-22:45
155            android:name="com.google.android.gms.common.api.GoogleApiActivity"
155-->[com.google.android.gms:play-services-base:18.0.1] AndroidManifest.xml:20:19-85
156            android:exported="false"
156-->[com.google.android.gms:play-services-base:18.0.1] AndroidManifest.xml:22:19-43
157            android:theme="@android:style/Theme.Translucent.NoTitleBar" />
157-->[com.google.android.gms:play-services-base:18.0.1] AndroidManifest.xml:21:19-78
158
159        <meta-data
159-->[com.google.android.gms:play-services-basement:18.1.0] AndroidManifest.xml:21:9-23:69
160            android:name="com.google.android.gms.version"
160-->[com.google.android.gms:play-services-basement:18.1.0] AndroidManifest.xml:22:13-58
161            android:value="@integer/google_play_services_version" />
161-->[com.google.android.gms:play-services-basement:18.1.0] AndroidManifest.xml:23:13-66
162    </application>
163
164</manifest>